\BOOKMARK [0][-]{chapter.1}{Algorithmen und Datenstrukturen in ES6+}{}% 1
\BOOKMARK [1][-]{section.1.1}{Warum in ES6+}{chapter.1}% 2
\BOOKMARK [1][-]{section.1.2}{Behandelte Themen}{chapter.1}% 3
\BOOKMARK [1][-]{section.1.3}{Nicht behandelte Themen}{chapter.1}% 4
\BOOKMARK [0][-]{chapter.2}{Entwicklungsumgebung}{}% 5
\BOOKMARK [0][-]{chapter.3}{JavaScript Paradigmen}{}% 6
\BOOKMARK [1][-]{section.3.1}{Object-Orientiertes Programmieren}{chapter.3}% 7
\BOOKMARK [1][-]{section.3.2}{Funktionales Programmieren}{chapter.3}% 8
\BOOKMARK [0][-]{chapter.4}{JavaScript Konstrukte}{}% 9
\BOOKMARK [1][-]{section.4.1}{Entscheidungskonstrukte}{chapter.4}% 10
\BOOKMARK [1][-]{section.4.2}{Wiederholungen}{chapter.4}% 11
\BOOKMARK [1][-]{section.4.3}{Funktionen}{chapter.4}% 12
\BOOKMARK [1][-]{section.4.4}{Scope}{chapter.4}% 13
\BOOKMARK [1][-]{section.4.5}{Closures}{chapter.4}% 14
\BOOKMARK [1][-]{section.4.6}{Hoisting}{chapter.4}% 15
\BOOKMARK [1][-]{section.4.7}{Call by Reference vs. Call by Value}{chapter.4}% 16
\BOOKMARK [1][-]{section.4.8}{Truthy und falsy}{chapter.4}% 17
\BOOKMARK [1][-]{section.4.9}{this}{chapter.4}% 18
\BOOKMARK [1][-]{section.4.10}{strict/sloppy mode}{chapter.4}% 19
\BOOKMARK [1][-]{section.4.11}{Number.EPSILON}{chapter.4}% 20
\BOOKMARK [0][-]{chapter.5}{Datenstrukturen}{}% 21
\BOOKMARK [1][-]{section.5.1}{Array}{chapter.5}% 22
\BOOKMARK [1][-]{section.5.2}{Liste}{chapter.5}% 23
\BOOKMARK [1][-]{section.5.3}{Stack}{chapter.5}% 24
\BOOKMARK [1][-]{section.5.4}{Queue}{chapter.5}% 25
\BOOKMARK [1][-]{section.5.5}{Dequeue}{chapter.5}% 26
\BOOKMARK [1][-]{section.5.6}{Priority Queue}{chapter.5}% 27
\BOOKMARK [1][-]{section.5.7}{LinkedList}{chapter.5}% 28
\BOOKMARK [1][-]{section.5.8}{Zirkulare LinkedList}{chapter.5}% 29
\BOOKMARK [1][-]{section.5.9}{Zweifach verkn\374pfte LinkedList}{chapter.5}% 30
\BOOKMARK [1][-]{section.5.10}{Dictionary}{chapter.5}% 31
\BOOKMARK [1][-]{section.5.11}{Hashing}{chapter.5}% 32
\BOOKMARK [1][-]{section.5.12}{HashMap}{chapter.5}% 33
\BOOKMARK [1][-]{section.5.13}{MapTree}{chapter.5}% 34
\BOOKMARK [1][-]{section.5.14}{LinkedMap}{chapter.5}% 35
\BOOKMARK [1][-]{section.5.15}{Sets}{chapter.5}% 36
\BOOKMARK [1][-]{section.5.16}{Bin\344re B\344ume}{chapter.5}% 37
\BOOKMARK [1][-]{section.5.17}{Graphen}{chapter.5}% 38
\BOOKMARK [1][-]{section.5.18}{AVL Tree}{chapter.5}% 39
\BOOKMARK [0][-]{chapter.6}{Algorithmen}{}% 40
\BOOKMARK [1][-]{section.6.1}{Breitensuche}{chapter.6}% 41
\BOOKMARK [1][-]{section.6.2}{Tiefensuche}{chapter.6}% 42
\BOOKMARK [1][-]{section.6.3}{Bubble Sort}{chapter.6}% 43
\BOOKMARK [1][-]{section.6.4}{Selection Sort}{chapter.6}% 44
\BOOKMARK [1][-]{section.6.5}{Shellsort}{chapter.6}% 45
\BOOKMARK [1][-]{section.6.6}{Mergesort}{chapter.6}% 46
\BOOKMARK [1][-]{section.6.7}{Quicksort}{chapter.6}% 47
\BOOKMARK [1][-]{section.6.8}{Sequential Suche}{chapter.6}% 48
\BOOKMARK [1][-]{section.6.9}{Bin\344res Suchen}{chapter.6}% 49
\BOOKMARK [1][-]{section.6.10}{Suchen nach Minimum und Maximum}{chapter.6}% 50
\BOOKMARK [1][-]{section.6.11}{Rucksackproblem}{chapter.6}% 51
\BOOKMARK [1][-]{section.6.12}{Greedy Algorithm}{chapter.6}% 52
\BOOKMARK [0][-]{chapter.7}{Aufgaben}{}% 53
\BOOKMARK [1][-]{section.7.1}{Bin\344res Suchen}{chapter.7}% 54
\BOOKMARK [1][-]{section.7.2}{Maximum im gleitenden Fenster}{chapter.7}% 55
\BOOKMARK [1][-]{section.7.3}{Die kleinste gemeinsame Zahl in verschiedenen Arrays}{chapter.7}% 56
\BOOKMARK [1][-]{section.7.4}{Array rotieren}{chapter.7}% 57
\BOOKMARK [1][-]{section.7.5}{TEST}{chapter.7}% 58
